  ShadowChain.c
C:\Users\MALDEV01\Desktop\Source_OWN\ShadowChain\ShadowChain\anti_debug.h(65,65): warning C4047: 'function': 'ULONG' differs in levels of indirection from 'void *'
  (compiling source file 'ShadowChain.c')
  
C:\Users\MALDEV01\Desktop\Source_OWN\ShadowChain\ShadowChain\anti_debug.h(65,65): warning C4024: 'pNtSystemDebugControl': different types for formal and actual parameter 3
  (compiling source file 'ShadowChain.c')
  
C:\Users\MALDEV01\Desktop\Source_OWN\ShadowChain\ShadowChain\anti_debug.h(65,77): warning C4047: 'function': 'ULONG' differs in levels of indirection from 'void *'
  (compiling source file 'ShadowChain.c')
  
C:\Users\MALDEV01\Desktop\Source_OWN\ShadowChain\ShadowChain\anti_debug.h(65,77): warning C4024: 'pNtSystemDebugControl': different types for formal and actual parameter 5
  (compiling source file 'ShadowChain.c')
  
C:\Users\MALDEV01\Desktop\Source_OWN\ShadowChain\ShadowChain\ShadowChain.c(58,17): warning C4047: '=': 'ULONG_PTR' differs in levels of indirection from 'LPVOID'
C:\Users\MALDEV01\Desktop\Source_OWN\ShadowChain\ShadowChain\ShadowChain.c(64,31): warning C4047: 'function': 'REGSAM' differs in levels of indirection from 'void *'
C:\Users\MALDEV01\Desktop\Source_OWN\ShadowChain\ShadowChain\ShadowChain.c(64,31): warning C4024: 'RegDeleteKeyExA': different types for formal and actual parameter 3
C:\Users\MALDEV01\Desktop\Source_OWN\ShadowChain\ShadowChain\ShadowChain.c(64,37): warning C4047: 'function': 'DWORD' differs in levels of indirection from 'void *'
C:\Users\MALDEV01\Desktop\Source_OWN\ShadowChain\ShadowChain\ShadowChain.c(64,37): warning C4024: 'RegDeleteKeyExA': different types for formal and actual parameter 4
C:\Users\MALDEV01\Desktop\Source_OWN\ShadowChain\ShadowChain\ShadowChain.c(65,31): warning C4047: 'function': 'REGSAM' differs in levels of indirection from 'void *'
C:\Users\MALDEV01\Desktop\Source_OWN\ShadowChain\ShadowChain\ShadowChain.c(65,31): warning C4024: 'RegDeleteKeyExW': different types for formal and actual parameter 3
C:\Users\MALDEV01\Desktop\Source_OWN\ShadowChain\ShadowChain\ShadowChain.c(65,37): warning C4047: 'function': 'DWORD' differs in levels of indirection from 'void *'
C:\Users\MALDEV01\Desktop\Source_OWN\ShadowChain\ShadowChain\ShadowChain.c(65,37): warning C4024: 'RegDeleteKeyExW': different types for formal and actual parameter 4
C:\Users\MALDEV01\Desktop\Source_OWN\ShadowChain\ShadowChain\ShadowChain.c(66,23): warning C4047: 'function': 'DWORD' differs in levels of indirection from 'void *'
C:\Users\MALDEV01\Desktop\Source_OWN\ShadowChain\ShadowChain\ShadowChain.c(66,23): warning C4024: 'RegEnumKeyExA': different types for formal and actual parameter 2
C:\Users\MALDEV01\Desktop\Source_OWN\ShadowChain\ShadowChain\ShadowChain.c(67,23): warning C4047: 'function': 'DWORD' differs in levels of indirection from 'void *'
C:\Users\MALDEV01\Desktop\Source_OWN\ShadowChain\ShadowChain\ShadowChain.c(67,23): warning C4024: 'RegEnumKeyExW': different types for formal and actual parameter 2
C:\Users\MALDEV01\Desktop\Source_OWN\ShadowChain\ShadowChain\ShadowChain.c(68,23): warning C4047: 'function': 'DWORD' differs in levels of indirection from 'void *'
C:\Users\MALDEV01\Desktop\Source_OWN\ShadowChain\ShadowChain\ShadowChain.c(68,23): warning C4024: 'RegEnumValueW': different types for formal and actual parameter 2
C:\Users\MALDEV01\Desktop\Source_OWN\ShadowChain\ShadowChain\ShadowChain.c(69,23): warning C4047: 'function': 'DWORD' differs in levels of indirection from 'void *'
C:\Users\MALDEV01\Desktop\Source_OWN\ShadowChain\ShadowChain\ShadowChain.c(69,23): warning C4024: 'RegEnumValueA': different types for formal and actual parameter 2
C:\Users\MALDEV01\Desktop\Source_OWN\ShadowChain\ShadowChain\ShadowChain.c(70,34): warning C4047: 'function': 'DWORD' differs in levels of indirection from 'void *'
C:\Users\MALDEV01\Desktop\Source_OWN\ShadowChain\ShadowChain\ShadowChain.c(70,34): warning C4024: 'RegGetValueA': different types for formal and actual parameter 4
C:\Users\MALDEV01\Desktop\Source_OWN\ShadowChain\ShadowChain\ShadowChain.c(71,34): warning C4047: 'function': 'DWORD' differs in levels of indirection from 'void *'
C:\Users\MALDEV01\Desktop\Source_OWN\ShadowChain\ShadowChain\ShadowChain.c(71,34): warning C4024: 'RegGetValueW': different types for formal and actual parameter 4
C:\Users\MALDEV01\Desktop\Source_OWN\ShadowChain\ShadowChain\ShadowChain.c(76,40): warning C4022: 'HeapFree': pointer mismatch for actual parameter 3
C:\Users\MALDEV01\Desktop\Source_OWN\ShadowChain\ShadowChain\ShadowChain.c(56,12): warning C4047: 'initializing': 'ULONG_PTR' differs in levels of indirection from 'void *'
C:\Users\MALDEV01\Desktop\Source_OWN\ShadowChain\ShadowChain\ShadowChain.c(123,19): warning C4047: '==': 'DWORD' differs in levels of indirection from 'void *'
C:\Users\MALDEV01\Desktop\Source_OWN\ShadowChain\ShadowChain\ShadowChain.c(180,47): warning C4047: 'function': 'SIZE_T' differs in levels of indirection from 'void *'
C:\Users\MALDEV01\Desktop\Source_OWN\ShadowChain\ShadowChain\ShadowChain.c(180,47): warning C4024: 'CreateRemoteThread': different types for formal and actual parameter 3
C:\Users\MALDEV01\Desktop\Source_OWN\ShadowChain\ShadowChain\ShadowChain.c(180,78): warning C4047: 'function': 'DWORD' differs in levels of indirection from 'void *'
C:\Users\MALDEV01\Desktop\Source_OWN\ShadowChain\ShadowChain\ShadowChain.c(180,78): warning C4024: 'CreateRemoteThread': different types for formal and actual parameter 6
C:\Users\MALDEV01\Desktop\Source_OWN\ShadowChain\ShadowChain\ShadowChain.c(136,10): warning C4047: 'initializing': 'SIZE_T' differs in levels of indirection from 'void *'
  ShadowChain.vcxproj -> C:\Users\MALDEV01\Desktop\Source_OWN\ShadowChain\x64\Debug\ShadowChain.exe
